2025-04-01 17:31:49 - 24668 - Created file: test-test-test/boogy.txt
2025-04-01 17:31:49 - 24668 - Modified directory: test-test-test
2025-04-01 17:31:49 - 24668 - Modified file: test-test-test/boogy.txt
2025-04-01 17:31:49 - 24668 - Modified directory: test-test-test
2025-04-01 17:31:52 - 24668 - Created file: test-test-test/blast.md
2025-04-01 17:31:52 - 24668 - Modified directory: test-test-test
2025-04-01 17:31:52 - 24668 - Modified file: test-test-test/blast.md
2025-04-01 17:31:52 - 24668 - Modified directory: test-test-test
2025-04-01 17:32:01 - 24668 - Created directory: test-test-test/port
2025-04-01 17:32:01 - 24668 - Modified directory: test-test-test
2025-04-01 17:32:07 - 24668 - Created file: test-test-test/.blast.md.swp
2025-04-01 17:32:07 - 24668 - Modified directory: test-test-test
2025-04-01 17:32:07 - 24668 - Created file: test-test-test/.blast.md.swx
2025-04-01 17:32:07 - 24668 - Modified directory: test-test-test
2025-04-01 17:32:07 - 24668 - Modified directory: test-test-test
2025-04-01 17:32:07 - 24668 - Deleted file: test-test-test/.blast.md.swx
2025-04-01 17:32:07 - 24668 - Modified directory: test-test-test
2025-04-01 17:32:07 - 24668 - Modified directory: test-test-test
2025-04-01 17:32:07 - 24668 - Deleted file: test-test-test/.blast.md.swp
2025-04-01 17:32:07 - 24668 - Modified directory: test-test-test
2025-04-01 17:32:07 - 24668 - Created file: test-test-test/.blast.md.swp
2025-04-01 17:32:07 - 24668 - Modified directory: test-test-test
2025-04-01 17:32:07 - 24668 - Modified file: test-test-test/.blast.md.swp
2025-04-01 17:32:09 - 24668 - Modified file: test-test-test/.blast.md.swp
2025-04-01 17:32:14 - 24668 - Created file: test-test-test/4913
2025-04-01 17:32:14 - 24668 - Modified directory: test-test-test
2025-04-01 17:32:14 - 24668 - Modified file: test-test-test/4913
2025-04-01 17:32:14 - 24668 - Modified directory: test-test-test
2025-04-01 17:32:14 - 24668 - Deleted file: test-test-test/4913
2025-04-01 17:32:14 - 24668 - Modified directory: test-test-test
2025-04-01 17:32:14 - 24668 - Moved file: from test-test-test/blast.md to test-test-test/blast.md~
2025-04-01 17:32:14 - 24668 - Modified directory: test-test-test
2025-04-01 17:32:14 - 24668 - Created file: test-test-test/blast.md
2025-04-01 17:32:14 - 24668 - Modified directory: test-test-test
2025-04-01 17:32:14 - 24668 - Modified file: test-test-test/blast.md
2025-04-01 17:32:14 - 24668 - Modified file: test-test-test/blast.md
2025-04-01 17:32:14 - 24668 - Modified directory: test-test-test
2025-04-01 17:32:14 - 24668 - Modified file: test-test-test/blast.md
2025-04-01 17:32:14 - 24668 - Modified file: test-test-test/.blast.md.swp
2025-04-01 17:32:14 - 24668 - Deleted file: test-test-test/blast.md~
2025-04-01 17:32:14 - 24668 - Modified directory: test-test-test
2025-04-01 17:32:14 - 24668 - Modified directory: test-test-test
2025-04-01 17:32:14 - 24668 - Deleted file: test-test-test/.blast.md.swp
2025-04-01 17:32:14 - 24668 - Modified directory: test-test-test
2025-04-01 17:44:17 - 25360 - odinboi Created directory: test-test-test/BOOOOOOOOOM
2025-04-01 17:44:17 - 25360 - odinboi Modified directory: test-test-test
2025-04-01 17:44:25 - 25360 - odinboi Created file: test-test-test/BAJFAHFDHFJH.txt
2025-04-01 17:44:25 - 25360 - odinboi Modified directory: test-test-test
2025-04-01 17:44:25 - 25360 - odinboi Modified file: test-test-test/BAJFAHFDHFJH.txt
2025-04-01 17:44:25 - 25360 - odinboi Modified directory: test-test-test
